<?xml version="1.0" encoding="UTF-8"?>
<testng-results ignored="0" total="2" passed="2" failed="0" skipped="0">
  <reporter-output>
  </reporter-output>
  <suite started-at="2023-12-23T12:20:40 EET" name="Default suite" finished-at="2023-12-23T12:23:14 EET" duration-ms="154028">
    <groups>
    </groups>
    <test started-at="2023-12-23T12:20:40 EET" name="Default test" finished-at="2023-12-23T12:23:14 EET" duration-ms="154028">
      <class name="tests.ShoppingCartTest">
        <test-method is-config="true" signature="openBrowser(java.lang.String)[pri:0, instance:tests.ShoppingCartTest@3feb2dda]" started-at="2023-12-23T12:20:40 EET" name="openBrowser" finished-at="2023-12-23T12:21:10 EET" duration-ms="30229" status="PASS">
          <params>
            <param index="0">
              <value>
                <![CDATA[chrome]]>
              </value>
            </param>
          </params>
          <reporter-output>
          </reporter-output>
        </test-method> <!-- openBrowser -->
        <test-method signature="goToShoppingCart()[pri:1, instance:tests.ShoppingCartTest@3feb2dda]" started-at="2023-12-23T12:21:10 EET" name="goToShoppingCart" finished-at="2023-12-23T12:23:06 EET" duration-ms="116322" status="PASS">
          <reporter-output>
          </reporter-output>
        </test-method> <!-- goToShoppingCart -->
        <test-method signature="verifyCartDetails()[pri:2, instance:tests.ShoppingCartTest@3feb2dda]" started-at="2023-12-23T12:23:06 EET" name="verifyCartDetails" finished-at="2023-12-23T12:23:09 EET" duration-ms="2241" status="PASS">
          <reporter-output>
          </reporter-output>
        </test-method> <!-- verifyCartDetails -->
        <test-method is-config="true" signature="tearDown()[pri:0, instance:tests.ShoppingCartTest@3feb2dda]" started-at="2023-12-23T12:23:09 EET" name="tearDown" finished-at="2023-12-23T12:23:14 EET" duration-ms="5133" status="PASS">
          <reporter-output>
          </reporter-output>
        </test-method> <!-- tearDown -->
      </class> <!-- tests.ShoppingCartTest -->
    </test> <!-- Default test -->
  </suite> <!-- Default suite -->
</testng-results>
